<?xml version="1.0" encoding="UTF-8"?>
<testsuite xmlns:xsi="http://www.w3.org/2001/XMLSchema-instance" xsi:noNamespaceSchemaLocation="https://maven.apache.org/surefire/maven-surefire-plugin/xsd/surefire-test-report-3.0.xsd" version="3.0" name="com.hiddenstar.jju.MyBatisTest" time="0.905" tests="2" errors="0" skipped="0" failures="0">
  <properties>
[...]
</properties>
  <testcase name="testFactory" classname="com.hiddenstar.jju.MyBatisTest" time="0.765">
    <system-out><![CDATA[INFO : org.springframework.test.context.TestContextManager - @TestExecutionListeners is not present for class [class com.hiddenstar.jju.MyBatisTest]: using defaults.
INFO : org.springframework.beans.factory.xml.XmlBeanDefinitionReader - Loading XML bean definitions from file [D:\programz\j_workspace\PREC1\JJU\src\main\webapp\WEB-INF\spring\root-context.xml]
INFO : org.springframework.context.support.GenericApplicationContext - Refreshing org.springframework.context.support.GenericApplicationContext@3fd7a715: startup date [Wed Jun 18 14:19:07 KST 2025]; root of context hierarchy
INFO : org.springframework.beans.factory.annotation.AutowiredAnnotationBeanPostProcessor - JSR-330 'javax.inject.Inject' annotation found and supported for autowiring
INFO : org.springframework.beans.factory.support.DefaultListableBeanFactory - Pre-instantiating singletons in org.springframework.beans.factory.support.DefaultListableBeanFactory@1ebd319f: defining beans [dataSource,sqlSessionFactory,org.springframework.context.annotation.internalConfigurationAnnotationProcessor,org.springframework.context.annotation.internalAutowiredAnnotationProcessor,org.springframework.context.annotation.internalRequiredAnnotationProcessor,org.springframework.context.annotation.internalCommonAnnotationProcessor,org.springframework.context.annotation.ConfigurationClassPostProcessor$ImportAwareBeanPostProcessor#0]; root of factory hierarchy
INFO : org.springframework.jdbc.datasource.DriverManagerDataSource - Loaded JDBC driver: com.mysql.cj.jdbc.Driver

 >>>>>>>>>> sqlFactory 출력 : org.apache.ibatis.session.defaults.DefaultSqlSessionFactory@4bdeaabb
]]></system-out>
  </testcase>
  <testcase name="testSession" classname="com.hiddenstar.jju.MyBatisTest" time="0.004">
    <system-out><![CDATA[ >>>>>>>>>> session 출력 : org.apache.ibatis.session.defaults.DefaultSqlSession@239a307b

]]></system-out>
  </testcase>
</testsuite>